2024-09-12 20:14:05,982 [Worker-3: Loading available Gradle versions] INFO  o.e.b.c.i.u.g.PublishedGradleVersions - Gradle version information cache is out-of-date. Trying to update.
2024-09-12 20:29:02,843 [Worker-1: Loading available Gradle versions] INFO  o.e.b.c.i.u.g.PublishedGradleVersions - Gradle version information cache is up-to-date. Trying to read.
2024-09-12 20:30:53,195 [Worker-3: Loading available Gradle versions] INFO  o.e.b.c.i.u.g.PublishedGradleVersions - Gradle version information cache is up-to-date. Trying to read.
2024-09-12 21:34:00,851 [Worker-0: Loading available Gradle versions] INFO  o.e.b.c.i.u.g.PublishedGradleVersions - Gradle version information cache is up-to-date. Trying to read.
2024-09-12 22:16:36,515 [Worker-14: Creating antlr4-archetype] INFO  o.e.m.c.i.p.ProjectConfigurationManager - Collecting project info '/pom.xml' C:\Users\carlos\Documents\eclipse-workspace\milenguaje\pom.xml
2024-09-12 22:16:46,861 [Worker-14: Creating antlr4-archetype] INFO  o.e.m.c.i.l.LifecycleMappingFactory - Using org.eclipse.m2e.jdt.JarLifecycleMapping lifecycle mapping for MavenProject: unse:milenguaje:0.0.1-SNAPSHOT @ C:\Users\carlos\Documents\eclipse-workspace\milenguaje\pom.xml.
2024-09-12 22:16:52,469 [Worker-14: Creating antlr4-archetype] INFO  o.e.m.c.i.embedder.EclipseLogger - ANTLR 4: Processing source directory C:\Users\carlos\Documents\eclipse-workspace\milenguaje\src\main\antlr4
2024-09-12 22:16:53,456 [Worker-14: Creating antlr4-archetype] INFO  o.e.m.j.i.AbstractJavaProjectConfigurator - Adding source folder /milenguaje/src/main/java
2024-09-12 22:16:53,477 [Worker-14: Creating antlr4-archetype] INFO  o.e.m.j.i.AbstractJavaProjectConfigurator - Adding source folder /milenguaje/target/generated-sources/antlr4
2024-09-12 22:16:53,478 [Worker-14: Creating antlr4-archetype] INFO  o.e.m.j.i.AbstractJavaProjectConfigurator - Adding source folder /milenguaje/src/test/java
2024-09-12 22:16:56,489 [Worker-14: Creating antlr4-archetype] INFO  o.e.m.c.i.p.ProjectConfigurationManager - Imported and configured 1 project(s) in 19 sec
2024-09-12 22:16:58,295 [Worker-17: Building] INFO  o.e.m.c.i.embedder.EclipseLogger - ANTLR 4: Processing source directory C:\Users\carlos\Documents\eclipse-workspace\milenguaje\src\main\antlr4
2024-09-12 22:16:58,644 [Worker-17: Building] INFO  o.e.m.c.i.embedder.EclipseLogger - Processing grammar: unse\milenguaje\Simple.g4
2024-09-12 22:16:59,201 [Worker-17: Building] INFO  o.e.m.c.i.embedder.EclipseLogger - Using 'UTF-8' encoding to copy filtered resources.
2024-09-12 22:16:59,202 [Worker-17: Building] INFO  o.e.m.c.i.embedder.EclipseLogger - skip non existing resourceDirectory C:\Users\carlos\Documents\eclipse-workspace\milenguaje\src\main\resources
2024-09-12 22:16:59,206 [Worker-17: Building] INFO  o.e.m.c.i.embedder.EclipseLogger - Using 'UTF-8' encoding to copy filtered resources.
2024-09-12 22:16:59,206 [Worker-17: Building] INFO  o.e.m.c.i.embedder.EclipseLogger - skip non existing resourceDirectory C:\Users\carlos\Documents\eclipse-workspace\milenguaje\src\test\resources
2024-09-12 22:17:01,307 [Worker-16: Building] INFO  o.e.m.c.i.embedder.EclipseLogger - No grammars to process
2024-09-12 22:17:01,307 [Worker-16: Building] INFO  o.e.m.c.i.embedder.EclipseLogger - ANTLR 4: Processing source directory C:\Users\carlos\Documents\eclipse-workspace\milenguaje\src\main\antlr4
2024-09-12 22:17:01,312 [Worker-16: Building] INFO  o.e.m.c.i.embedder.EclipseLogger - Using 'UTF-8' encoding to copy filtered resources.
2024-09-12 22:17:01,315 [Worker-16: Building] INFO  o.e.m.c.i.embedder.EclipseLogger - skip non existing resourceDirectory C:\Users\carlos\Documents\eclipse-workspace\milenguaje\src\main\resources
2024-09-12 22:17:01,318 [Worker-16: Building] INFO  o.e.m.c.i.embedder.EclipseLogger - Using 'UTF-8' encoding to copy filtered resources.
2024-09-12 22:17:01,319 [Worker-16: Building] INFO  o.e.m.c.i.embedder.EclipseLogger - skip non existing resourceDirectory C:\Users\carlos\Documents\eclipse-workspace\milenguaje\src\test\resources
2024-09-12 22:18:33,103 [Worker-0: Building] INFO  o.e.m.c.i.embedder.EclipseLogger - No grammars to process
2024-09-12 22:18:33,103 [Worker-0: Building] INFO  o.e.m.c.i.embedder.EclipseLogger - ANTLR 4: Processing source directory C:\Users\carlos\Documents\eclipse-workspace\milenguaje\src\main\antlr4
2024-09-12 22:18:33,105 [Worker-0: Building] INFO  o.e.m.c.i.embedder.EclipseLogger - Using 'UTF-8' encoding to copy filtered resources.
2024-09-12 22:18:33,106 [Worker-0: Building] INFO  o.e.m.c.i.embedder.EclipseLogger - skip non existing resourceDirectory C:\Users\carlos\Documents\eclipse-workspace\milenguaje\src\main\resources
2024-09-12 22:18:33,109 [Worker-0: Building] INFO  o.e.m.c.i.embedder.EclipseLogger - Using 'UTF-8' encoding to copy filtered resources.
2024-09-12 22:18:33,109 [Worker-0: Building] INFO  o.e.m.c.i.embedder.EclipseLogger - skip non existing resourceDirectory C:\Users\carlos\Documents\eclipse-workspace\milenguaje\src\test\resources
2024-09-12 22:18:51,518 [Worker-14: Building] INFO  o.e.m.c.i.embedder.EclipseLogger - No grammars to process
2024-09-12 22:18:51,518 [Worker-14: Building] INFO  o.e.m.c.i.embedder.EclipseLogger - ANTLR 4: Processing source directory C:\Users\carlos\Documents\eclipse-workspace\milenguaje\src\main\antlr4
2024-09-12 22:18:51,521 [Worker-14: Building] INFO  o.e.m.c.i.embedder.EclipseLogger - Using 'UTF-8' encoding to copy filtered resources.
2024-09-12 22:18:51,521 [Worker-14: Building] INFO  o.e.m.c.i.embedder.EclipseLogger - skip non existing resourceDirectory C:\Users\carlos\Documents\eclipse-workspace\milenguaje\src\main\resources
2024-09-12 22:18:51,523 [Worker-14: Building] INFO  o.e.m.c.i.embedder.EclipseLogger - Using 'UTF-8' encoding to copy filtered resources.
2024-09-12 22:18:51,524 [Worker-14: Building] INFO  o.e.m.c.i.embedder.EclipseLogger - skip non existing resourceDirectory C:\Users\carlos\Documents\eclipse-workspace\milenguaje\src\test\resources
2024-09-12 22:20:43,413 [Worker-16: Building] INFO  o.e.m.c.i.embedder.EclipseLogger - No grammars to process
2024-09-12 22:20:43,415 [Worker-16: Building] INFO  o.e.m.c.i.embedder.EclipseLogger - ANTLR 4: Processing source directory C:\Users\carlos\Documents\eclipse-workspace\milenguaje\src\main\antlr4
2024-09-12 22:20:43,417 [Worker-16: Building] INFO  o.e.m.c.i.embedder.EclipseLogger - Using 'UTF-8' encoding to copy filtered resources.
2024-09-12 22:20:43,417 [Worker-16: Building] INFO  o.e.m.c.i.embedder.EclipseLogger - skip non existing resourceDirectory C:\Users\carlos\Documents\eclipse-workspace\milenguaje\src\main\resources
2024-09-12 22:20:43,419 [Worker-16: Building] INFO  o.e.m.c.i.embedder.EclipseLogger - Using 'UTF-8' encoding to copy filtered resources.
2024-09-12 22:20:43,420 [Worker-16: Building] INFO  o.e.m.c.i.embedder.EclipseLogger - skip non existing resourceDirectory C:\Users\carlos\Documents\eclipse-workspace\milenguaje\src\test\resources
2024-09-12 22:20:50,224 [Worker-18: Building] INFO  o.e.m.c.i.embedder.EclipseLogger - No grammars to process
2024-09-12 22:20:50,224 [Worker-18: Building] INFO  o.e.m.c.i.embedder.EclipseLogger - ANTLR 4: Processing source directory C:\Users\carlos\Documents\eclipse-workspace\milenguaje\src\main\antlr4
2024-09-12 22:20:50,227 [Worker-18: Building] INFO  o.e.m.c.i.embedder.EclipseLogger - Using 'UTF-8' encoding to copy filtered resources.
2024-09-12 22:20:50,227 [Worker-18: Building] INFO  o.e.m.c.i.embedder.EclipseLogger - skip non existing resourceDirectory C:\Users\carlos\Documents\eclipse-workspace\milenguaje\src\main\resources
2024-09-12 22:20:50,229 [Worker-18: Building] INFO  o.e.m.c.i.embedder.EclipseLogger - Using 'UTF-8' encoding to copy filtered resources.
2024-09-12 22:20:50,230 [Worker-18: Building] INFO  o.e.m.c.i.embedder.EclipseLogger - skip non existing resourceDirectory C:\Users\carlos\Documents\eclipse-workspace\milenguaje\src\test\resources
2024-09-12 22:20:59,621 [Worker-18: Building] INFO  o.e.m.c.i.embedder.EclipseLogger - No grammars to process
2024-09-12 22:20:59,622 [Worker-18: Building] INFO  o.e.m.c.i.embedder.EclipseLogger - ANTLR 4: Processing source directory C:\Users\carlos\Documents\eclipse-workspace\milenguaje\src\main\antlr4
2024-09-12 22:20:59,625 [Worker-18: Building] INFO  o.e.m.c.i.embedder.EclipseLogger - Using 'UTF-8' encoding to copy filtered resources.
2024-09-12 22:20:59,625 [Worker-18: Building] INFO  o.e.m.c.i.embedder.EclipseLogger - skip non existing resourceDirectory C:\Users\carlos\Documents\eclipse-workspace\milenguaje\src\main\resources
2024-09-12 22:20:59,626 [Worker-18: Building] INFO  o.e.m.c.i.embedder.EclipseLogger - Using 'UTF-8' encoding to copy filtered resources.
2024-09-12 22:20:59,627 [Worker-18: Building] INFO  o.e.m.c.i.embedder.EclipseLogger - skip non existing resourceDirectory C:\Users\carlos\Documents\eclipse-workspace\milenguaje\src\test\resources
2024-09-12 22:21:28,842 [Worker-18: Building] INFO  o.e.m.c.i.embedder.EclipseLogger - No grammars to process
2024-09-12 22:21:28,843 [Worker-18: Building] INFO  o.e.m.c.i.embedder.EclipseLogger - ANTLR 4: Processing source directory C:\Users\carlos\Documents\eclipse-workspace\milenguaje\src\main\antlr4
2024-09-12 22:21:28,845 [Worker-18: Building] INFO  o.e.m.c.i.embedder.EclipseLogger - Using 'UTF-8' encoding to copy filtered resources.
2024-09-12 22:21:28,845 [Worker-18: Building] INFO  o.e.m.c.i.embedder.EclipseLogger - skip non existing resourceDirectory C:\Users\carlos\Documents\eclipse-workspace\milenguaje\src\main\resources
2024-09-12 22:21:28,850 [Worker-18: Building] INFO  o.e.m.c.i.embedder.EclipseLogger - Using 'UTF-8' encoding to copy filtered resources.
2024-09-12 22:21:28,850 [Worker-18: Building] INFO  o.e.m.c.i.embedder.EclipseLogger - skip non existing resourceDirectory C:\Users\carlos\Documents\eclipse-workspace\milenguaje\src\test\resources
2024-09-12 22:24:04,075 [Worker-19: Building] INFO  o.e.m.c.i.embedder.EclipseLogger - No grammars to process
2024-09-12 22:24:04,075 [Worker-19: Building] INFO  o.e.m.c.i.embedder.EclipseLogger - ANTLR 4: Processing source directory C:\Users\carlos\Documents\eclipse-workspace\milenguaje\src\main\antlr4
2024-09-12 22:24:04,077 [Worker-19: Building] INFO  o.e.m.c.i.embedder.EclipseLogger - Using 'UTF-8' encoding to copy filtered resources.
2024-09-12 22:24:04,077 [Worker-19: Building] INFO  o.e.m.c.i.embedder.EclipseLogger - skip non existing resourceDirectory C:\Users\carlos\Documents\eclipse-workspace\milenguaje\src\main\resources
2024-09-12 22:24:04,089 [Worker-19: Building] INFO  o.e.m.c.i.embedder.EclipseLogger - Using 'UTF-8' encoding to copy filtered resources.
2024-09-12 22:24:04,090 [Worker-19: Building] INFO  o.e.m.c.i.embedder.EclipseLogger - skip non existing resourceDirectory C:\Users\carlos\Documents\eclipse-workspace\milenguaje\src\test\resources
2024-09-12 22:24:45,378 [Worker-0: Building] INFO  o.e.m.c.i.embedder.EclipseLogger - No grammars to process
2024-09-12 22:24:45,378 [Worker-0: Building] INFO  o.e.m.c.i.embedder.EclipseLogger - ANTLR 4: Processing source directory C:\Users\carlos\Documents\eclipse-workspace\milenguaje\src\main\antlr4
2024-09-12 22:24:45,380 [Worker-0: Building] INFO  o.e.m.c.i.embedder.EclipseLogger - Using 'UTF-8' encoding to copy filtered resources.
2024-09-12 22:24:45,381 [Worker-0: Building] INFO  o.e.m.c.i.embedder.EclipseLogger - skip non existing resourceDirectory C:\Users\carlos\Documents\eclipse-workspace\milenguaje\src\main\resources
2024-09-12 22:24:45,382 [Worker-0: Building] INFO  o.e.m.c.i.embedder.EclipseLogger - Using 'UTF-8' encoding to copy filtered resources.
2024-09-12 22:24:45,383 [Worker-0: Building] INFO  o.e.m.c.i.embedder.EclipseLogger - skip non existing resourceDirectory C:\Users\carlos\Documents\eclipse-workspace\milenguaje\src\test\resources
2024-09-12 22:30:32,011 [Worker-0: Building] INFO  o.e.m.c.i.embedder.EclipseLogger - No grammars to process
2024-09-12 22:30:32,011 [Worker-0: Building] INFO  o.e.m.c.i.embedder.EclipseLogger - ANTLR 4: Processing source directory C:\Users\carlos\Documents\eclipse-workspace\milenguaje\src\main\antlr4
2024-09-12 22:30:32,013 [Worker-0: Building] INFO  o.e.m.c.i.embedder.EclipseLogger - Using 'UTF-8' encoding to copy filtered resources.
2024-09-12 22:30:32,013 [Worker-0: Building] INFO  o.e.m.c.i.embedder.EclipseLogger - skip non existing resourceDirectory C:\Users\carlos\Documents\eclipse-workspace\milenguaje\src\main\resources
2024-09-12 22:30:32,015 [Worker-0: Building] INFO  o.e.m.c.i.embedder.EclipseLogger - Using 'UTF-8' encoding to copy filtered resources.
2024-09-12 22:30:32,015 [Worker-0: Building] INFO  o.e.m.c.i.embedder.EclipseLogger - skip non existing resourceDirectory C:\Users\carlos\Documents\eclipse-workspace\milenguaje\src\test\resources
2024-09-12 22:31:56,056 [Worker-23: Building] INFO  o.e.m.c.i.embedder.EclipseLogger - No grammars to process
2024-09-12 22:31:56,056 [Worker-23: Building] INFO  o.e.m.c.i.embedder.EclipseLogger - ANTLR 4: Processing source directory C:\Users\carlos\Documents\eclipse-workspace\milenguaje\src\main\antlr4
2024-09-12 22:31:56,058 [Worker-23: Building] INFO  o.e.m.c.i.embedder.EclipseLogger - Using 'UTF-8' encoding to copy filtered resources.
2024-09-12 22:31:56,058 [Worker-23: Building] INFO  o.e.m.c.i.embedder.EclipseLogger - skip non existing resourceDirectory C:\Users\carlos\Documents\eclipse-workspace\milenguaje\src\main\resources
2024-09-12 22:31:56,060 [Worker-23: Building] INFO  o.e.m.c.i.embedder.EclipseLogger - Using 'UTF-8' encoding to copy filtered resources.
2024-09-12 22:31:56,060 [Worker-23: Building] INFO  o.e.m.c.i.embedder.EclipseLogger - skip non existing resourceDirectory C:\Users\carlos\Documents\eclipse-workspace\milenguaje\src\test\resources
2024-09-12 22:31:57,135 [Worker-23: Building] INFO  o.e.m.c.i.embedder.EclipseLogger - No grammars to process
2024-09-12 22:31:57,136 [Worker-23: Building] INFO  o.e.m.c.i.embedder.EclipseLogger - ANTLR 4: Processing source directory C:\Users\carlos\Documents\eclipse-workspace\milenguaje\src\main\antlr4
2024-09-12 22:31:57,137 [Worker-23: Building] INFO  o.e.m.c.i.embedder.EclipseLogger - Using 'UTF-8' encoding to copy filtered resources.
2024-09-12 22:31:57,137 [Worker-23: Building] INFO  o.e.m.c.i.embedder.EclipseLogger - skip non existing resourceDirectory C:\Users\carlos\Documents\eclipse-workspace\milenguaje\src\main\resources
2024-09-12 22:31:57,140 [Worker-23: Building] INFO  o.e.m.c.i.embedder.EclipseLogger - Using 'UTF-8' encoding to copy filtered resources.
2024-09-12 22:31:57,140 [Worker-23: Building] INFO  o.e.m.c.i.embedder.EclipseLogger - skip non existing resourceDirectory C:\Users\carlos\Documents\eclipse-workspace\milenguaje\src\test\resources
2024-09-12 22:34:09,442 [Worker-23: Building] INFO  o.e.m.c.i.embedder.EclipseLogger - No grammars to process
2024-09-12 22:34:09,442 [Worker-23: Building] INFO  o.e.m.c.i.embedder.EclipseLogger - ANTLR 4: Processing source directory C:\Users\carlos\Documents\eclipse-workspace\milenguaje\src\main\antlr4
2024-09-12 22:34:09,444 [Worker-23: Building] INFO  o.e.m.c.i.embedder.EclipseLogger - Using 'UTF-8' encoding to copy filtered resources.
2024-09-12 22:34:09,444 [Worker-23: Building] INFO  o.e.m.c.i.embedder.EclipseLogger - skip non existing resourceDirectory C:\Users\carlos\Documents\eclipse-workspace\milenguaje\src\main\resources
2024-09-12 22:34:09,445 [Worker-23: Building] INFO  o.e.m.c.i.embedder.EclipseLogger - Using 'UTF-8' encoding to copy filtered resources.
2024-09-12 22:34:09,446 [Worker-23: Building] INFO  o.e.m.c.i.embedder.EclipseLogger - skip non existing resourceDirectory C:\Users\carlos\Documents\eclipse-workspace\milenguaje\src\test\resources
2024-09-12 22:34:31,498 [Worker-0: Building] INFO  o.e.m.c.i.embedder.EclipseLogger - No grammars to process
2024-09-12 22:34:31,498 [Worker-0: Building] INFO  o.e.m.c.i.embedder.EclipseLogger - ANTLR 4: Processing source directory C:\Users\carlos\Documents\eclipse-workspace\milenguaje\src\main\antlr4
2024-09-12 22:34:31,499 [Worker-0: Building] INFO  o.e.m.c.i.embedder.EclipseLogger - Using 'UTF-8' encoding to copy filtered resources.
2024-09-12 22:34:31,499 [Worker-0: Building] INFO  o.e.m.c.i.embedder.EclipseLogger - skip non existing resourceDirectory C:\Users\carlos\Documents\eclipse-workspace\milenguaje\src\main\resources
2024-09-12 22:34:31,501 [Worker-0: Building] INFO  o.e.m.c.i.embedder.EclipseLogger - Using 'UTF-8' encoding to copy filtered resources.
2024-09-12 22:34:31,502 [Worker-0: Building] INFO  o.e.m.c.i.embedder.EclipseLogger - skip non existing resourceDirectory C:\Users\carlos\Documents\eclipse-workspace\milenguaje\src\test\resources
2024-09-12 22:37:48,616 [Worker-0: Loading available Gradle versions] INFO  o.e.b.c.i.u.g.PublishedGradleVersions - Gradle version information cache is up-to-date. Trying to read.
2024-09-17 19:26:20,493 [Worker-6: Loading available Gradle versions] INFO  o.e.b.c.i.u.g.PublishedGradleVersions - Gradle version information cache is out-of-date. Trying to update.
2024-09-17 19:46:40,406 [Worker-15: Building] INFO  o.e.m.c.i.embedder.EclipseLogger - ANTLR 4: Processing source directory C:\Users\carlos\Documents\eclipse-workspace\milenguaje\src\main\antlr4
2024-09-17 19:46:40,643 [Worker-15: Building] INFO  o.e.m.c.i.embedder.EclipseLogger - Processing grammar: unse\milenguaje\Simple.g4
2024-09-17 19:46:42,543 [Worker-15: Building] INFO  o.e.m.c.i.embedder.EclipseLogger - Using 'UTF-8' encoding to copy filtered resources.
2024-09-17 19:46:42,543 [Worker-15: Building] INFO  o.e.m.c.i.embedder.EclipseLogger - skip non existing resourceDirectory C:\Users\carlos\Documents\eclipse-workspace\milenguaje\src\main\resources
2024-09-17 19:46:42,545 [Worker-15: Building] INFO  o.e.m.c.i.embedder.EclipseLogger - Using 'UTF-8' encoding to copy filtered resources.
2024-09-17 19:46:42,546 [Worker-15: Building] INFO  o.e.m.c.i.embedder.EclipseLogger - skip non existing resourceDirectory C:\Users\carlos\Documents\eclipse-workspace\milenguaje\src\test\resources
2024-09-17 19:46:44,259 [Worker-13: Building] INFO  o.e.m.c.i.embedder.EclipseLogger - No grammars to process
2024-09-17 19:46:44,259 [Worker-13: Building] INFO  o.e.m.c.i.embedder.EclipseLogger - ANTLR 4: Processing source directory C:\Users\carlos\Documents\eclipse-workspace\milenguaje\src\main\antlr4
2024-09-17 19:46:44,261 [Worker-13: Building] INFO  o.e.m.c.i.embedder.EclipseLogger - Using 'UTF-8' encoding to copy filtered resources.
2024-09-17 19:46:44,262 [Worker-13: Building] INFO  o.e.m.c.i.embedder.EclipseLogger - skip non existing resourceDirectory C:\Users\carlos\Documents\eclipse-workspace\milenguaje\src\main\resources
2024-09-17 19:46:44,264 [Worker-13: Building] INFO  o.e.m.c.i.embedder.EclipseLogger - Using 'UTF-8' encoding to copy filtered resources.
2024-09-17 19:46:44,264 [Worker-13: Building] INFO  o.e.m.c.i.embedder.EclipseLogger - skip non existing resourceDirectory C:\Users\carlos\Documents\eclipse-workspace\milenguaje\src\test\resources
2024-09-17 20:38:30,527 [Worker-13: Building] INFO  o.e.m.c.i.embedder.EclipseLogger - No grammars to process
2024-09-17 20:38:30,528 [Worker-13: Building] INFO  o.e.m.c.i.embedder.EclipseLogger - ANTLR 4: Processing source directory C:\Users\carlos\Documents\eclipse-workspace\milenguaje\src\main\antlr4
2024-09-17 20:38:30,530 [Worker-13: Building] INFO  o.e.m.c.i.embedder.EclipseLogger - Using 'UTF-8' encoding to copy filtered resources.
2024-09-17 20:38:30,531 [Worker-13: Building] INFO  o.e.m.c.i.embedder.EclipseLogger - skip non existing resourceDirectory C:\Users\carlos\Documents\eclipse-workspace\milenguaje\src\main\resources
2024-09-17 20:38:30,533 [Worker-13: Building] INFO  o.e.m.c.i.embedder.EclipseLogger - Using 'UTF-8' encoding to copy filtered resources.
2024-09-17 20:38:30,534 [Worker-13: Building] INFO  o.e.m.c.i.embedder.EclipseLogger - skip non existing resourceDirectory C:\Users\carlos\Documents\eclipse-workspace\milenguaje\src\test\resources
2024-09-17 20:41:41,804 [Worker-20: Building] INFO  o.e.m.c.i.embedder.EclipseLogger - ANTLR 4: Processing source directory C:\Users\carlos\Documents\eclipse-workspace\milenguaje\src\main\antlr4
2024-09-17 20:41:41,811 [Worker-20: Building] INFO  o.e.m.c.i.embedder.EclipseLogger - Processing grammar: unse\milenguaje\Simple.g4
2024-09-17 20:41:41,824 [Worker-20: Building] ERROR o.e.m.c.i.embedder.EclipseLogger - error(51): unse\milenguaje\Simple.g4:54:0: rule CHAR redefinition; previous at line 13
2024-09-17 20:41:41,828 [Worker-20: Building] ERROR o.e.m.c.i.embedder.EclipseLogger - error(126): unse\milenguaje\Simple.g4:5:1: cannot create implicit token for string literal in non-combined grammar: 'hello'
2024-09-17 20:41:41,835 [Worker-20: Building] ERROR o.e.m.c.i.embedder.EclipseLogger - error(126): unse\milenguaje\Simple.g4:5:9: cannot create implicit token for string literal in non-combined grammar: 'world'
2024-09-17 20:41:41,849 [Worker-20: Building] INFO  o.e.m.c.i.embedder.EclipseLogger - Using 'UTF-8' encoding to copy filtered resources.
2024-09-17 20:41:41,850 [Worker-20: Building] INFO  o.e.m.c.i.embedder.EclipseLogger - skip non existing resourceDirectory C:\Users\carlos\Documents\eclipse-workspace\milenguaje\src\main\resources
2024-09-17 20:41:41,852 [Worker-20: Building] INFO  o.e.m.c.i.embedder.EclipseLogger - Using 'UTF-8' encoding to copy filtered resources.
2024-09-17 20:41:41,852 [Worker-20: Building] INFO  o.e.m.c.i.embedder.EclipseLogger - skip non existing resourceDirectory C:\Users\carlos\Documents\eclipse-workspace\milenguaje\src\test\resources
2024-09-17 20:42:26,138 [Worker-20: Building] INFO  o.e.m.c.i.embedder.EclipseLogger - ANTLR 4: Processing source directory C:\Users\carlos\Documents\eclipse-workspace\milenguaje\src\main\antlr4
2024-09-17 20:42:26,144 [Worker-20: Building] INFO  o.e.m.c.i.embedder.EclipseLogger - Processing grammar: unse\milenguaje\Simple.g4
2024-09-17 20:42:26,317 [Worker-20: Building] INFO  o.e.m.c.i.embedder.EclipseLogger - Using 'UTF-8' encoding to copy filtered resources.
2024-09-17 20:42:26,318 [Worker-20: Building] INFO  o.e.m.c.i.embedder.EclipseLogger - skip non existing resourceDirectory C:\Users\carlos\Documents\eclipse-workspace\milenguaje\src\main\resources
2024-09-17 20:42:26,320 [Worker-20: Building] INFO  o.e.m.c.i.embedder.EclipseLogger - Using 'UTF-8' encoding to copy filtered resources.
2024-09-17 20:42:26,320 [Worker-20: Building] INFO  o.e.m.c.i.embedder.EclipseLogger - skip non existing resourceDirectory C:\Users\carlos\Documents\eclipse-workspace\milenguaje\src\test\resources
2024-09-17 20:42:27,800 [Worker-17: Building] INFO  o.e.m.c.i.embedder.EclipseLogger - No grammars to process
2024-09-17 20:42:27,800 [Worker-17: Building] INFO  o.e.m.c.i.embedder.EclipseLogger - ANTLR 4: Processing source directory C:\Users\carlos\Documents\eclipse-workspace\milenguaje\src\main\antlr4
2024-09-17 20:42:27,802 [Worker-17: Building] INFO  o.e.m.c.i.embedder.EclipseLogger - Using 'UTF-8' encoding to copy filtered resources.
2024-09-17 20:42:27,802 [Worker-17: Building] INFO  o.e.m.c.i.embedder.EclipseLogger - skip non existing resourceDirectory C:\Users\carlos\Documents\eclipse-workspace\milenguaje\src\main\resources
2024-09-17 20:42:27,804 [Worker-17: Building] INFO  o.e.m.c.i.embedder.EclipseLogger - Using 'UTF-8' encoding to copy filtered resources.
2024-09-17 20:42:27,804 [Worker-17: Building] INFO  o.e.m.c.i.embedder.EclipseLogger - skip non existing resourceDirectory C:\Users\carlos\Documents\eclipse-workspace\milenguaje\src\test\resources
2024-09-17 20:42:28,882 [Worker-21: Building] INFO  o.e.m.c.i.embedder.EclipseLogger - No grammars to process
2024-09-17 20:42:28,883 [Worker-21: Building] INFO  o.e.m.c.i.embedder.EclipseLogger - ANTLR 4: Processing source directory C:\Users\carlos\Documents\eclipse-workspace\milenguaje\src\main\antlr4
2024-09-17 20:42:28,884 [Worker-21: Building] INFO  o.e.m.c.i.embedder.EclipseLogger - Using 'UTF-8' encoding to copy filtered resources.
2024-09-17 20:42:28,885 [Worker-21: Building] INFO  o.e.m.c.i.embedder.EclipseLogger - skip non existing resourceDirectory C:\Users\carlos\Documents\eclipse-workspace\milenguaje\src\main\resources
2024-09-17 20:42:28,886 [Worker-21: Building] INFO  o.e.m.c.i.embedder.EclipseLogger - Using 'UTF-8' encoding to copy filtered resources.
2024-09-17 20:42:28,887 [Worker-21: Building] INFO  o.e.m.c.i.embedder.EclipseLogger - skip non existing resourceDirectory C:\Users\carlos\Documents\eclipse-workspace\milenguaje\src\test\resources
2024-09-17 20:43:35,783 [Worker-19: Building] INFO  o.e.m.c.i.embedder.EclipseLogger - ANTLR 4: Processing source directory C:\Users\carlos\Documents\eclipse-workspace\milenguaje\src\main\antlr4
2024-09-17 20:43:35,797 [Worker-19: Building] INFO  o.e.m.c.i.embedder.EclipseLogger - Processing grammar: unse\milenguaje\Simple.g4
2024-09-17 20:43:35,907 [Worker-19: Building] INFO  o.e.m.c.i.embedder.EclipseLogger - Using 'UTF-8' encoding to copy filtered resources.
2024-09-17 20:43:35,907 [Worker-19: Building] INFO  o.e.m.c.i.embedder.EclipseLogger - skip non existing resourceDirectory C:\Users\carlos\Documents\eclipse-workspace\milenguaje\src\main\resources
2024-09-17 20:43:35,911 [Worker-19: Building] INFO  o.e.m.c.i.embedder.EclipseLogger - Using 'UTF-8' encoding to copy filtered resources.
2024-09-17 20:43:35,911 [Worker-19: Building] INFO  o.e.m.c.i.embedder.EclipseLogger - skip non existing resourceDirectory C:\Users\carlos\Documents\eclipse-workspace\milenguaje\src\test\resources
2024-09-17 20:43:37,252 [Worker-20: Building] INFO  o.e.m.c.i.embedder.EclipseLogger - No grammars to process
2024-09-17 20:43:37,254 [Worker-20: Building] INFO  o.e.m.c.i.embedder.EclipseLogger - ANTLR 4: Processing source directory C:\Users\carlos\Documents\eclipse-workspace\milenguaje\src\main\antlr4
2024-09-17 20:43:37,258 [Worker-20: Building] INFO  o.e.m.c.i.embedder.EclipseLogger - Using 'UTF-8' encoding to copy filtered resources.
2024-09-17 20:43:37,259 [Worker-20: Building] INFO  o.e.m.c.i.embedder.EclipseLogger - skip non existing resourceDirectory C:\Users\carlos\Documents\eclipse-workspace\milenguaje\src\main\resources
2024-09-17 20:43:37,267 [Worker-20: Building] INFO  o.e.m.c.i.embedder.EclipseLogger - Using 'UTF-8' encoding to copy filtered resources.
2024-09-17 20:43:37,267 [Worker-20: Building] INFO  o.e.m.c.i.embedder.EclipseLogger - skip non existing resourceDirectory C:\Users\carlos\Documents\eclipse-workspace\milenguaje\src\test\resources
2024-09-17 20:45:01,979 [Worker-23: Building] INFO  o.e.m.c.i.embedder.EclipseLogger - ANTLR 4: Processing source directory C:\Users\carlos\Documents\eclipse-workspace\milenguaje\src\main\antlr4
2024-09-17 20:45:01,990 [Worker-23: Building] INFO  o.e.m.c.i.embedder.EclipseLogger - Processing grammar: unse\milenguaje\Simple.g4
2024-09-17 20:45:02,068 [Worker-23: Building] INFO  o.e.m.c.i.embedder.EclipseLogger - Using 'UTF-8' encoding to copy filtered resources.
2024-09-17 20:45:02,069 [Worker-23: Building] INFO  o.e.m.c.i.embedder.EclipseLogger - skip non existing resourceDirectory C:\Users\carlos\Documents\eclipse-workspace\milenguaje\src\main\resources
2024-09-17 20:45:02,075 [Worker-23: Building] INFO  o.e.m.c.i.embedder.EclipseLogger - Using 'UTF-8' encoding to copy filtered resources.
2024-09-17 20:45:02,082 [Worker-23: Building] INFO  o.e.m.c.i.embedder.EclipseLogger - skip non existing resourceDirectory C:\Users\carlos\Documents\eclipse-workspace\milenguaje\src\test\resources
2024-09-17 20:45:04,099 [Worker-23: Building] INFO  o.e.m.c.i.embedder.EclipseLogger - No grammars to process
2024-09-17 20:45:04,099 [Worker-23: Building] INFO  o.e.m.c.i.embedder.EclipseLogger - ANTLR 4: Processing source directory C:\Users\carlos\Documents\eclipse-workspace\milenguaje\src\main\antlr4
2024-09-17 20:45:04,103 [Worker-23: Building] INFO  o.e.m.c.i.embedder.EclipseLogger - Using 'UTF-8' encoding to copy filtered resources.
2024-09-17 20:45:04,103 [Worker-23: Building] INFO  o.e.m.c.i.embedder.EclipseLogger - skip non existing resourceDirectory C:\Users\carlos\Documents\eclipse-workspace\milenguaje\src\main\resources
2024-09-17 20:45:04,105 [Worker-23: Building] INFO  o.e.m.c.i.embedder.EclipseLogger - Using 'UTF-8' encoding to copy filtered resources.
2024-09-17 20:45:04,105 [Worker-23: Building] INFO  o.e.m.c.i.embedder.EclipseLogger - skip non existing resourceDirectory C:\Users\carlos\Documents\eclipse-workspace\milenguaje\src\test\resources
